<?xml version="1.0" encoding="UTF-8"?>
<!-- Generated by org.testng.reporters.JUnitReportReporter -->
<testsuite hostname="Bhavya" failures="0" tests="2" name="testPKG.loginAccountTest" time="34.121" errors="0" timestamp="2024-12-24T08:43:36 GST" skipped="0">
  <testcase classname="testPKG.loginAccountTest" name="testloginaccount" time="3.174"/>
  <testcase classname="testPKG.loginAccountTest" name="testHomePage" time="30.947"/>
</testsuite> <!-- testPKG.loginAccountTest -->
