<?xml version="1.0" encoding="UTF-8"?>
<!-- Generated by org.testng.reporters.JUnitReportReporter -->
<testsuite hostname="Bhavya" failures="0" tests="1" name="testPKG.CreateAccountTest" time="6.753" errors="0" timestamp="2024-12-24T08:43:36 GST" skipped="0">
  <testcase classname="testPKG.CreateAccountTest" name="testcreateAccount" time="6.753"/>
</testsuite> <!-- testPKG.CreateAccountTest -->
